[2026-03-02 09:50:09 +06:00] Serena enabled for project USC; onboarding status checked (already performed).

[2026-03-02 10:18:33 +06:00] Rule update: Serena enable/activation events do not need to be logged going forward.

[2026-03-02 10:35:06 +06:00] Implemented MVP real map integration for checkout (Cart-only) with free stack MapLibre + OpenFreeMap and unchanged backend contract. Added dependency maplibre-gl and global map CSS import in frontend/src/styles.css. Added new reusable component frontend/src/ui/MapPicker.tsx (controlled coords, click-to-set marker, flyTo on updates, disabled mode handling, load/failure overlays, cleanup map.remove, OSM/OpenFreeMap attribution links). Added geo utility frontend/src/utils/geo.ts with isValidLatLng/formatGeoTag/appendGeoTag and tests frontend/src/utils/geo.test.ts. Integrated MapPicker into frontend/src/screens/CartScreen.tsx: replaced old external map link flow, synchronized map<->lat/lng inputs, geolocation updates map/inputs, added selected-point status chip, map error hint, and switched order comment composition to appendGeoTag while validating coord ranges. Enhanced map visuals in frontend/src/styles/components.css (glass map box, skeleton loading, overlay tips/fallback, attribution, status states). Added map env vars to .env.example, .env.dev.example, .env.prod.example (style URL + default center/zoom). Updated README with free MVP map setup and attribution guidance. Added component tests frontend/src/screens/CartScreen.test.tsx (checkout map render, manual coords sync, geo-tag sent in createOrder). Verification: npm run test:ci -- src/utils/geo.test.ts src/screens/CartScreen.test.tsx PASSED, npm run build PASSED, frontend container restarted.

[2026-03-02 10:54:13 +06:00] Implemented map follow-up package (remaining items 1-6) end-to-end.
- Added geo parsing/validation utilities in frontend/src/utils/geo.ts: parseGeoTag(), toOsmLink(), validateLatLngInputs() with explicit states (empty/invalid_number/out_of_range/valid).
- Switched map loading to lazy runtime path: removed global maplibre css import from frontend/src/styles.css; MapPicker now uses dynamic import for maplibre-gl + CSS and stable refs to prevent remount flicker.
- Updated Cart checkout UX (frontend/src/screens/CartScreen.tsx): Suspense-lazy MapPicker, explicit lat/lng validation errors, warning badge when invalid coords are ignored, geolocation error message; order submit still allowed with optional coords.
- Implemented CheckoutModal parity (frontend/src/ui/CheckoutModal.tsx): same MapPicker + bidirectional coord sync + validation states + appendGeoTag() flow.
- Added geo links in Orders and Deliveries UIs:
  - frontend/src/screens/OrdersScreen.tsx parses order comment geo-tag and shows “Открыть точку”.
  - frontend/src/screens/DeliveriesScreen.tsx parses delivery.order_comment and shows “Открыть точку”.
- Extended deliveries contract backend+frontend:
  - backend/app/routers/deliveries.py list endpoint now returns additive field order_comment from joined order.
  - frontend/src/api/deliveries.ts Delivery type now includes order_comment?: string | null.
- Extended E2E golden path (frontend/e2e/demo-golden.spec.ts): fills checkout coordinates and asserts POST /api/orders/create/ payload.comment contains valid [geo:lat,lng] tag; stabilized click with force to avoid animation instability.
- Added/updated tests:
  - frontend/src/utils/geo.test.ts
  - frontend/src/screens/CartScreen.test.tsx
  - frontend/src/ui/CheckoutModal.test.tsx
  - backend/tests/test_deliveries_api.py
- Updated docs in README.md:
  - “Map smoke checklist (dev)” with strict 8-step manual acceptance flow.
  - “Map runbook: if map is not loading”.

Verification run:
- frontend: npm run test:ci -> 6 test files passed.
- frontend: npm run build -> passed.
- frontend: npm run e2e:ci -- e2e/demo-golden.spec.ts -> passed.
- backend (local with PYTHONPATH workaround): pytest backend/tests/test_state_machine_api.py backend/tests/test_deliveries_api.py -q -> passed.

[2026-03-02 10:55:33 +06:00] Finalized map follow-up QA: fixed CartScreen coords warning rendering (escaped text issue), stabilized MapPicker init effect to avoid remount flicker, reran frontend lint/tests/build and Playwright golden map payload check (all passed; existing unrelated AnalyticsScreen lint warning remains).

[2026-03-02 15:02:06 +06:00] Verified notification flow: supplier notifications are real in-app DB events via create_notification_event() (notification_event + notification_user_state), not mock UI stubs; recipients are resolved from company memberships.

[2026-03-02 15:21:13 +06:00] Implemented product card extra fields end-to-end (description + shelf life + storage + origin).
- Backend DB schema: added catalog_product columns shelf_life_days, storage_condition, origin_country.
- Added Alembic migration: backend/alembic/versions/0005_product_extra_fields.py.
- Products API updated (backend/app/routers/products.py): create/update payloads support new fields; PATCH now respects explicitly provided nullable fields via model_fields_set.
- Demo seed updated (backend/scripts/seed_demo.py): new product metadata defaults are now populated.
- Frontend product mapping updated (frontend/src/api/products.ts, frontend/src/types.ts): new fields normalized for marketplace and supplier product models.
- Product card UI upgraded (frontend/src/ui/ProductCard.tsx + frontend/src/styles/screens.css): now shows description and compact chips (shelf life/storage/origin).
- Supplier publications flow extended (frontend/src/screens/PublicationsScreen.tsx): create/edit forms now include and save description, shelf life, storage condition, origin country.
- Added backend test coverage: backend/tests/test_products_extra_fields.py (PATCH/list persistence of new fields).
- Adjusted CheckoutModal test for lazy map loading stability: frontend/src/ui/CheckoutModal.test.tsx.

Verification:
- frontend: npm run test:ci -> passed.
- frontend: npm run build -> passed.
- frontend: npm run lint -> passed with one pre-existing warning in AnalyticsScreen.
- backend: PYTHONPATH=. pytest backend/tests/test_products_extra_fields.py -q -> passed.

[2026-03-02 17:07:00] Task: Product cards extra fields + UI polish
- Backend: extended catalog_product with brand, manufacturer, package_type, net_weight_grams, allergens, certifications, lead_time_days (schema + alembic 0005 + products router create/update).
- Backend: expanded seed_demo ensure_product to support new optional product metadata fields.
- Frontend API/types: wired all new product fields in ProductApi, SupplierProduct, create/update payloads, and normalize mappers.
- Supplier workspace (PublicationsScreen): added create/edit inputs and save/create logic for all new fields with numeric validation for net weight and lead time.
- ProductCard UI: redesigned metadata presentation (brand/manufacturer line, labeled fact chips, quality note for certifications/allergens).
- Tests/verification: backend pytest backend/tests/test_products_extra_fields.py passed; frontend test:ci passed; frontend build passed; frontend lint passed with one pre-existing warning in AnalyticsScreen.

[2026-03-02 17:54:31] Task: Product details bottom-sheet on frontend
- Added new UI component ProductDetailsSheet with mobile bottom-sheet layout, smooth open animation, close by backdrop/button/Escape, and Add-to-cart action.
- Connected detailed product view to HomeScreen, SearchScreen, and SupplierScreen: tapping a product card now opens full details.
- Updated ProductCard to support optional onOpen behavior with keyboard support and prevented add-button click from triggering detail open.
- Added styling for interactive product cards and full product details sheet (overlay, media, facts grid, certifications/allergens notes, footer CTA).
- Validation checks: frontend lint passed (1 pre-existing warning in AnalyticsScreen), frontend test:ci passed, frontend build passed.

[2026-03-02 18:52:13] Task: LAN IP launch readiness (0.0.0.0 + CORS)
- Backend CORS moved to env-driven settings (CORS_ALLOW_ORIGINS, CORS_ALLOW_ORIGIN_REGEX) in app.core.config and app.main middleware wiring.
- Default CORS regex expanded to allow localhost/127.0.0.1 and LAN IPv4 origins with any port, so app works from current local IP URL.
- Added CORS variables to .env.example, .env.dev.example, .env.prod.example and backend/.env.example.
- Updated README quick-start with LAN access URL format http://<YOUR_LAN_IP>:5173 and ipconfig instruction.
- Verification: backend import check passed (rom app.main import app), frontend build passed.
