INFO  2026-02-06 14:49:58,206 serena.cli:health_check:761 - Starting health check for project: C:\Users\asus\Desktop\TSI AUCA\fip17\USC
INFO  2026-02-06 14:49:58,206 serena.cli:health_check:765 - Creating SerenaAgent with disabled dashboard...
INFO  2026-02-06 14:49:58,206 serena.config.serena_config:from_config_file:574 - Loading Serena configuration from C:\Users\asus\.serena\serena_config.yml
INFO  2026-02-06 14:49:58,207 serena.util.file_system:_load_gitignore_files:152 - Processing .gitignore file: C:\Users\asus\Desktop\TSI AUCA\fip17\USC\frontend\.gitignore
WARNING 2026-02-06 14:49:58,226 serena.config.serena_config:from_config_file:602 - Project path C:\Users\asus\Desktop\Работа\MBank\bridge_module\RecSys_foudation_docs_md does not exist or does not contain a project configuration file, skipping.
INFO  2026-02-06 14:49:58,260 serena.agent:__init__:289 - Will record tool usage statistics with token count estimator: CHAR_COUNT.
INFO  2026-02-06 14:49:58,416 serena.agent:__init__:293 - Starting Serena server (version=0.1.4, process id=25460, parent process id=14152; language backend=LSP)
INFO  2026-02-06 14:49:58,417 serena.agent:__init__:297 - Configuration file: C:\Users\asus\.serena\serena_config.yml
INFO  2026-02-06 14:49:58,417 serena.agent:__init__:298 - Available projects: GUROO_FA, USC, bridge_module, functionGemma_test, mmarket-ai, tutor_project_LAST_CHANGES
INFO  2026-02-06 14:49:58,417 serena.agent:__init__:299 - Loaded tools (40): read_file, create_text_file, list_dir, find_file, replace_content, delete_lines, replace_lines, insert_at_line, search_for_pattern, restart_language_server, get_symbols_overview, find_symbol, find_referencing_symbols, replace_symbol_body, insert_after_symbol, insert_before_symbol, rename_symbol, write_memory, read_memory, list_memories, delete_memory, edit_memory, execute_shell_command, open_dashboard, activate_project, remove_project, switch_modes, get_current_config, check_onboarding_performed, onboarding, think_about_collected_information, think_about_task_adherence, think_about_whether_you_are_done, summarize_changes, prepare_for_new_conversation, initial_instructions, jet_brains_find_symbol, jet_brains_find_referencing_symbols, jet_brains_get_symbols_overview, jet_brains_type_hierarchy
INFO  2026-02-06 14:49:58,417 serena.agent:apply:142 - SerenaAgentContext[name='desktop-app'] included 1 tools: switch_modes
INFO  2026-02-06 14:49:58,418 serena.agent:__init__:325 - Number of exposed tools: 29
INFO  2026-02-06 14:49:58,436 serena.config.serena_config:start:360 - Loading project instance for RegisteredProject[project_root=C:\Users\asus\Desktop\TSI AUCA\fip17\USC, project_config=ProjectConfig[project_name=USC]] starting ...
INFO  2026-02-06 14:49:58,437 serena.project:start:360 - Gathering ignore spec for project USC starting ...
INFO  2026-02-06 14:49:58,437 serena.config.serena_config:stop:367 - Loading project instance for RegisteredProject[project_root=C:\Users\asus\Desktop\TSI AUCA\fip17\USC, project_config=ProjectConfig[project_name=USC]] completed in 0.001 seconds
INFO  2026-02-06 14:49:58,437 serena.util.file_system:start:360 - Loading of .gitignore files starting ...
INFO  2026-02-06 14:49:58,437 serena.agent:load_project_from_path_or_name:650 - Found registered project 'USC' at path C:\Users\asus\Desktop\TSI AUCA\fip17\USC
INFO  2026-02-06 14:49:58,438 serena.agent:_activate_project:621 - Activating USC at C:\Users\asus\Desktop\TSI AUCA\fip17\USC
INFO  2026-02-06 14:49:58,438 serena.task_executor:issue_task:192 - Scheduling Task-1:init_language_server_manager
INFO  2026-02-06 14:49:58,438 serena.agent:get_mode_names:199 - Active modes: ['editing', 'interactive']
INFO  2026-02-06 14:49:58,439 serena.util.file_system:_load_gitignore_files:152 - Processing .gitignore file: C:\Users\asus\Desktop\TSI AUCA\fip17\USC\.serena\.gitignore
INFO  2026-02-06 14:49:58,441 serena.util.file_system:_load_gitignore_files:152 - Processing .gitignore file: C:\Users\asus\Desktop\TSI AUCA\fip17\USC\frontend\.gitignore
INFO  2026-02-06 14:49:58,446 serena.agent:_update_active_modes_and_tools:584 - Active tools (29): activate_project, check_onboarding_performed, create_text_file, delete_memory, edit_memory, execute_shell_command, find_file, find_referencing_symbols, find_symbol, get_current_config, get_symbols_overview, initial_instructions, insert_after_symbol, insert_before_symbol, list_dir, list_memories, onboarding, prepare_for_new_conversation, read_file, read_memory, rename_symbol, replace_content, replace_symbol_body, search_for_pattern, switch_modes, think_about_collected_information, think_about_task_adherence, think_about_whether_you_are_done, write_memory
INFO  2026-02-06 14:49:58,446 serena.cli:health_check:770 - SerenaAgent created successfully
INFO  2026-02-06 14:49:58,446 serena.cli:health_check:773 - Searching for analyzable files...
INFO  2026-02-06 14:49:58,447 serena.project:_ignore_spec:174 - Waiting for ignore spec to become available ...
INFO  2026-02-06 14:49:58,521 serena.task_executor:_process_task_queue:123 - Starting execution of Task-1:init_language_server_manager
INFO  2026-02-06 14:49:58,521 serena.task_executor:start:360 - Task-1:init_language_server_manager starting ...
INFO  2026-02-06 14:49:58,521 serena.agent:start:360 - Language server initialization starting ...
INFO  2026-02-06 14:49:58,521 serena.project:create_language_server_manager:414 - Creating language server manager for C:\Users\asus\Desktop\TSI AUCA\fip17\USC
INFO  2026-02-06 14:49:58,521 serena.project:_ignored_patterns:185 - Waiting for ignored patterns to become available ...
INFO  2026-02-06 14:49:59,239 serena.util.file_system:stop:367 - Loading of .gitignore files completed in 1.036 seconds
INFO  2026-02-06 14:49:59,239 serena.project:stop:367 - Gathering ignore spec for project USC completed in 1.036 seconds
INFO  2026-02-06 14:49:59,239 serena.project:_ignore_spec:176 - Ignore spec is now available for project; proceeding
INFO  2026-02-06 14:49:59,463 serena.util.file_system:stop:367 - Loading of .gitignore files completed in 1.026 seconds
INFO  2026-02-06 14:49:59,463 serena.project:stop:367 - Gathering ignore spec for project USC completed in 1.026 seconds
INFO  2026-02-06 14:49:59,464 serena.project:_ignored_patterns:187 - Ignore patterns are now available for project; proceeding
INFO  2026-02-06 14:49:59,464 sensai.util.logging:start:360 - Language server startup (language=python) starting ...
INFO  2026-02-06 14:49:59,465 serena.ls_manager:create_language_server:41 - Creating language server instance for C:\Users\asus\Desktop\TSI AUCA\fip17\USC, language=python.
INFO  2026-02-06 14:49:59,487 solidlsp.ls:start:2134 - Starting language server with language python for C:\Users\asus\Desktop\TSI AUCA\fip17\USC
INFO  2026-02-06 14:49:59,487 solidlsp.language_servers.pyright_server:_start_server:177 - Starting pyright-langserver server process
INFO  2026-02-06 14:49:59,487 solidlsp.ls_handler:start:194 - Starting language server process via command: ['C:\\Users\\asus\\AppData\\Local\\uv\\cache\\archive-v0\\FDgfKW1DrpR11U1jOri5u\\Scripts\\python.exe', '-m', 'pyright.langserver', '--stdio']
INFO  2026-02-06 14:49:59,501 solidlsp.language_servers.pyright_server:_start_server:183 - Sending initialize request from LSP client to pyright server and awaiting response
INFO  2026-02-06 14:49:59,919 solidlsp.language_servers.pyright_server:window_log_message:149 - LSP: window/logMessage: Pyright language server 1.1.408 starting
INFO  2026-02-06 14:49:59,919 solidlsp.language_servers.pyright_server:window_log_message:149 - LSP: window/logMessage: Server root directory: file:///c%3A/Users/asus/AppData/Local/uv/cache/archive-v0/FDgfKW1DrpR11U1jOri5u/Lib/site-packages/pyright/dist/dist
INFO  2026-02-06 14:49:59,926 solidlsp.language_servers.pyright_server:window_log_message:149 - LSP: window/logMessage: Starting service instance "USC"
INFO  2026-02-06 14:49:59,926 solidlsp.language_servers.pyright_server:_start_server:185 - Received initialize response from pyright server: {'capabilities': {'textDocumentSync': 2, 'definitionProvider': {'workDoneProgress': True}, 'declarationProvider': {'workDoneProgress': True}, 'typeDefinitionProvider': {'workDoneProgress': True}, 'referencesProvider': {'workDoneProgress': True}, 'documentSymbolProvider': {'workDoneProgress': True}, 'workspaceSymbolProvider': {'workDoneProgress': True}, 'hoverProvider': {'workDoneProgress': True}, 'documentHighlightProvider': {'workDoneProgress': True}, 'renameProvider': {'prepareProvider': True, 'workDoneProgress': True}, 'completionProvider': {'triggerCharacters': ['.', '[', '"', "'"], 'resolveProvider': True, 'workDoneProgress': True, 'completionItem': {'labelDetailsSupport': True}}, 'signatureHelpProvider': {'triggerCharacters': ['(', ',', ')'], 'workDoneProgress': True}, 'codeActionProvider': {'codeActionKinds': ['quickfix', 'source.organizeImports'], 'workDoneProgress': True}, 'executeCommandProvider': {'commands': [], 'workDoneProgress': True}, 'callHierarchyProvider': True, 'workspace': {'workspaceFolders': {'supported': True, 'changeNotifications': True}}}}
INFO  2026-02-06 14:49:59,927 solidlsp.language_servers.pyright_server:_start_server:197 - Waiting for Pyright to complete initial workspace analysis...
INFO  2026-02-06 14:50:00,160 solidlsp.language_servers.pyright_server:window_log_message:149 - LSP: window/logMessage: No include entries specified; assuming c:\Users\asus\Desktop\TSI AUCA\fip17\USC
INFO  2026-02-06 14:50:00,160 solidlsp.language_servers.pyright_server:window_log_message:149 - LSP: window/logMessage: Auto-excluding **/node_modules
INFO  2026-02-06 14:50:00,160 solidlsp.language_servers.pyright_server:window_log_message:149 - LSP: window/logMessage: Auto-excluding **/__pycache__
INFO  2026-02-06 14:50:00,160 solidlsp.language_servers.pyright_server:window_log_message:149 - LSP: window/logMessage: Auto-excluding **/.*
INFO  2026-02-06 14:50:00,160 solidlsp.language_servers.pyright_server:window_log_message:149 - LSP: window/logMessage: Assuming Python version 3.12.0.final.0
INFO  2026-02-06 14:50:00,197 solidlsp.language_servers.pyright_server:window_log_message:149 - LSP: window/logMessage: Found 90 source files
INFO  2026-02-06 14:50:00,197 solidlsp.language_servers.pyright_server:window_log_message:154 - Pyright workspace scanning complete
INFO  2026-02-06 14:50:00,197 solidlsp.language_servers.pyright_server:_start_server:199 - Pyright initial analysis complete, server ready
INFO  2026-02-06 14:50:00,197 sensai.util.logging:stop:367 - Language server startup (language=python) completed in 0.732 seconds
INFO  2026-02-06 14:50:00,197 serena.agent:stop:367 - Language server initialization completed in 1.676 seconds
INFO  2026-02-06 14:50:00,198 serena.task_executor:stop:367 - Task-1:init_language_server_manager completed in 1.677 seconds
INFO  2026-02-06 14:50:01,627 serena.cli:health_check:782 - Found analyzable file: backend\manage.py
INFO  2026-02-06 14:50:01,627 serena.cli:health_check:800 - Testing GetSymbolsOverviewTool on file: backend\manage.py
INFO  2026-02-06 14:50:01,627 serena.task_executor:issue_task:192 - Scheduling Task-2:<lambda>
INFO  2026-02-06 14:50:01,726 serena.task_executor:_process_task_queue:123 - Starting execution of Task-2:<lambda>
INFO  2026-02-06 14:50:01,727 serena.task_executor:start:360 - Task-2:<lambda> starting ...
INFO  2026-02-06 14:50:01,917 serena.task_executor:stop:367 - Task-2:<lambda> completed in 0.190 seconds
INFO  2026-02-06 14:50:01,919 serena.cli:health_check:802 - GetSymbolsOverviewTool returned 1 symbols
INFO  2026-02-06 14:50:01,919 serena.cli:health_check:823 - No class or function found, using first available symbol
INFO  2026-02-06 14:50:01,919 serena.cli:health_check:827 - Using symbol for testing: main (kind: Function)
INFO  2026-02-06 14:50:01,919 serena.cli:health_check:830 - Testing FindSymbolTool for symbol: main
INFO  2026-02-06 14:50:01,919 serena.task_executor:issue_task:192 - Scheduling Task-3:<lambda>
INFO  2026-02-06 14:50:01,919 serena.task_executor:_process_task_queue:123 - Starting execution of Task-3:<lambda>
INFO  2026-02-06 14:50:01,920 serena.task_executor:start:360 - Task-3:<lambda> starting ...
INFO  2026-02-06 14:50:01,925 serena.task_executor:stop:367 - Task-3:<lambda> completed in 0.005 seconds
INFO  2026-02-06 14:50:01,925 serena.cli:health_check:835 - FindSymbolTool found 1 matches for symbol main
INFO  2026-02-06 14:50:01,925 serena.cli:health_check:838 - Testing FindReferencingSymbolsTool for symbol: main
INFO  2026-02-06 14:50:01,925 serena.task_executor:issue_task:192 - Scheduling Task-4:<lambda>
INFO  2026-02-06 14:50:02,026 serena.task_executor:_process_task_queue:123 - Starting execution of Task-4:<lambda>
INFO  2026-02-06 14:50:02,026 serena.task_executor:start:360 - Task-4:<lambda> starting ...
WARNING 2026-02-06 14:50:04,294 solidlsp.ls:request_referencing_symbols:1670 - Could not find containing symbol for backend\manage.py:21:4. Returning file symbol instead
INFO  2026-02-06 14:50:04,294 serena.task_executor:stop:367 - Task-4:<lambda> completed in 2.269 seconds
INFO  2026-02-06 14:50:04,294 serena.cli:health_check:842 - FindReferencingSymbolsTool found 1 references for symbol main
INFO  2026-02-06 14:50:04,330 serena.cli:health_check:848 - Testing SearchForPatternTool for pattern: main
INFO  2026-02-06 14:50:04,333 serena.task_executor:issue_task:192 - Scheduling Task-5:<lambda>
INFO  2026-02-06 14:50:04,395 serena.task_executor:_process_task_queue:123 - Starting execution of Task-5:<lambda>
INFO  2026-02-06 14:50:04,398 serena.task_executor:start:360 - Task-5:<lambda> starting ...
INFO  2026-02-06 14:50:06,165 serena.text_utils:search_files:366 - Processing 2983 files.
INFO  2026-02-06 14:50:14,240 serena.text_utils:search_files:407 - Found 3260 total matches across 2983 files
INFO  2026-02-06 14:50:14,245 serena.task_executor:stop:367 - Task-5:<lambda> completed in 9.848 seconds
WARNING 2026-02-06 14:50:14,245 serena.cli:health_check:857 - SearchForPatternTool failed for pattern main: Expecting value: line 1 column 1 (char 0)
INFO  2026-02-06 14:50:14,245 serena.cli:health_check:869 - Health check completed successfully
ERROR 2026-02-06 14:50:14,245 serena.cli:health_check:877 - Health check failed with exception: [Errno 22] Invalid argument
Traceback (most recent call last):
  File "C:\Users\asus\AppData\Local\uv\cache\archive-v0\FDgfKW1DrpR11U1jOri5u\Lib\site-packages\serena\cli.py", line 872, in health_check
    click.echo("✅ Health check passed - All tools working correctly")
  File "C:\Users\asus\AppData\Local\uv\cache\archive-v0\FDgfKW1DrpR11U1jOri5u\Lib\site-packages\click\utils.py", line 322, in echo
    file.flush()
OSError: [Errno 22] Invalid argument
ERROR 2026-02-06 14:50:14,246 sensai.util.logging:__exit__:410 - Exception within FileLoggerContext
Traceback (most recent call last):
  File "C:\Users\asus\AppData\Local\uv\cache\archive-v0\FDgfKW1DrpR11U1jOri5u\Lib\site-packages\serena\cli.py", line 872, in health_check
    click.echo("✅ Health check passed - All tools working correctly")
  File "C:\Users\asus\AppData\Local\uv\cache\archive-v0\FDgfKW1DrpR11U1jOri5u\Lib\site-packages\click\utils.py", line 322, in echo
    file.flush()
OSError: [Errno 22] Invalid argument

During handling of the above exception, another exception occurred:

Traceback (most recent call last):
  File "C:\Users\asus\AppData\Local\uv\cache\archive-v0\FDgfKW1DrpR11U1jOri5u\Lib\site-packages\serena\cli.py", line 878, in health_check
    click.echo(f"❌ Health check failed: {e!s}")
  File "C:\Users\asus\AppData\Local\uv\cache\archive-v0\FDgfKW1DrpR11U1jOri5u\Lib\site-packages\click\utils.py", line 322, in echo
    file.flush()
OSError: [Errno 22] Invalid argument

During handling of the above exception, another exception occurred:

Traceback (most recent call last):
  File "C:\Users\asus\AppData\Local\uv\cache\archive-v0\FDgfKW1DrpR11U1jOri5u\Lib\site-packages\serena\cli.py", line 881, in health_check
    click.echo(f"Log saved to: {log_file}")
  File "C:\Users\asus\AppData\Local\uv\cache\archive-v0\FDgfKW1DrpR11U1jOri5u\Lib\site-packages\click\utils.py", line 322, in echo
    file.flush()
OSError: [Errno 22] Invalid argument
